21-May-2024 08:48:45.352 INFO [main] org.apache.catalina.startup.VersionLoggerListener.log 서버 버전 이름:    Apache Tomcat/9.0.86
21-May-2024 08:48:45.354 INFO [main] org.apache.catalina.startup.VersionLoggerListener.log Server 빌드 시각:  Feb 14 2024 08:15:12 UTC
21-May-2024 08:48:45.354 INFO [main] org.apache.catalina.startup.VersionLoggerListener.log Server 버전 번호:  9.0.86.0
21-May-2024 08:48:45.354 INFO [main] org.apache.catalina.startup.VersionLoggerListener.log 운영체제 이름:     Windows 11
21-May-2024 08:48:45.354 INFO [main] org.apache.catalina.startup.VersionLoggerListener.log 운영체제 버전:     10.0
21-May-2024 08:48:45.354 INFO [main] org.apache.catalina.startup.VersionLoggerListener.log 아키텍처:          amd64
21-May-2024 08:48:45.354 INFO [main] org.apache.catalina.startup.VersionLoggerListener.log 자바 홈:           C:\Program Files\Java\jdk-21
21-May-2024 08:48:45.354 INFO [main] org.apache.catalina.startup.VersionLoggerListener.log JVM 버전:          21.0.2+13-LTS-58
21-May-2024 08:48:45.354 INFO [main] org.apache.catalina.startup.VersionLoggerListener.log JVM 벤더:          Oracle Corporation
21-May-2024 08:48:45.354 INFO [main] org.apache.catalina.startup.VersionLoggerListener.log CATALINA_BASE:     C:\Users\dkswl\OneDrive\Documents\code_upload\Auto_window\multi_it\backend\04_servletjsp\itj\jsp03
21-May-2024 08:48:45.354 INFO [main] org.apache.catalina.startup.VersionLoggerListener.log CATALINA_HOME:     C:\apache-tomcat-9.0.86
21-May-2024 08:48:45.359 INFO [main] org.apache.catalina.startup.VersionLoggerListener.log 명령 행 아규먼트:  --add-opens=java.base/java.lang=ALL-UNNAMED
21-May-2024 08:48:45.359 INFO [main] org.apache.catalina.startup.VersionLoggerListener.log 명령 행 아규먼트:  --add-opens=java.base/java.io=ALL-UNNAMED
21-May-2024 08:48:45.359 INFO [main] org.apache.catalina.startup.VersionLoggerListener.log 명령 행 아규먼트:  --add-opens=java.base/java.util=ALL-UNNAMED
21-May-2024 08:48:45.359 INFO [main] org.apache.catalina.startup.VersionLoggerListener.log 명령 행 아규먼트:  --add-opens=java.base/java.util.concurrent=ALL-UNNAMED
21-May-2024 08:48:45.359 INFO [main] org.apache.catalina.startup.VersionLoggerListener.log 명령 행 아규먼트:  --add-opens=java.rmi/sun.rmi.transport=ALL-UNNAMED
21-May-2024 08:48:45.360 INFO [main] org.apache.catalina.startup.VersionLoggerListener.log 명령 행 아규먼트:  -Dcatalina.home=C:\apache-tomcat-9.0.86
21-May-2024 08:48:45.360 INFO [main] org.apache.catalina.startup.VersionLoggerListener.log 명령 행 아규먼트:  -Dcatalina.base=C:\Users\dkswl\OneDrive\Documents\code_upload\Auto_window\multi_it\backend\04_servletjsp\itj\jsp03
21-May-2024 08:48:45.360 INFO [main] org.apache.catalina.startup.VersionLoggerListener.log 명령 행 아규먼트:  -Djava.io.tmpdir=C:\Users\dkswl\OneDrive\Documents\code_upload\Auto_window\multi_it\backend\04_servletjsp\itj\jsp03\temp
21-May-2024 08:48:45.360 INFO [main] org.apache.catalina.startup.VersionLoggerListener.log 명령 행 아규먼트:  -Djava.util.logging.config.file=C:\Users\dkswl\OneDrive\Documents\code_upload\Auto_window\multi_it\backend\04_servletjsp\itj\jsp03\conf\logging.properties
21-May-2024 08:48:45.360 INFO [main] org.apache.catalina.startup.VersionLoggerListener.log 명령 행 아규먼트:  -Djava.util.logging.manager=org.apache.juli.ClassLoaderLogManager
21-May-2024 08:48:45.360 INFO [main] org.apache.catalina.startup.VersionLoggerListener.log 명령 행 아규먼트:  -javaagent:C:\Program Files\JetBrains\IntelliJ IDEA Community Edition 2024.1\lib\idea_rt.jar=50945:C:\Program Files\JetBrains\IntelliJ IDEA Community Edition 2024.1\bin
21-May-2024 08:48:45.360 INFO [main] org.apache.catalina.startup.VersionLoggerListener.log 명령 행 아규먼트:  -Dfile.encoding=UTF-8
21-May-2024 08:48:45.360 INFO [main] org.apache.catalina.startup.VersionLoggerListener.log 명령 행 아규먼트:  -Dsun.stdout.encoding=UTF-8
21-May-2024 08:48:45.360 INFO [main] org.apache.catalina.startup.VersionLoggerListener.log 명령 행 아규먼트:  -Dsun.stderr.encoding=UTF-8
21-May-2024 08:48:45.378 INFO [main] org.apache.catalina.core.AprLifecycleListener.lifecycleEvent 프로덕션 환경들에서 최적의 성능을 제공하는, APR 기반 Apache Tomcat Native 라이브러리가, 다음 java.library.path에서 발견되지 않습니다: [C:\Program Files\Java\jdk-21\bin;C:\Windows\Sun\Java\bin;C:\Windows\system32;C:\Windows;C:\oraclexe\app\oracle\product\11.2.0\server\bin;;C:\oracle\app\oracle\product\19.0.0.0\db_1\bin;C:\Python312\Scripts\;C:\Python312\;C:\Program Files\Common Files\Oracle\Java\javapath;C:\Program Files\Common Files\Oracle\Java\javapath;C:\oracle\dbhomeXE\bin;C:\app\dkswl\product\21c\dbhomeXE\bin;C:\Program Files\Microsoft MPI\Bin\;C:\Windows\system32;C:\Windows;C:\Windows\System32\Wbem;C:\Windows\System32\WindowsPowerShell\v1.0\;C:\Windows\System32\OpenSSH\;C:\Program Files (x86)\NVIDIA Corporation\PhysX\Common;C:\Program Files\dotnet\;C:\Program Files\Azure Data Studio\bin;C:\Program Files (x86)\Microsoft SQL Server\160\Tools\Binn\;C:\Program Files\Microsoft SQL Server\160\Tools\Binn\;C:\Program Files\Microsoft SQL Server\Client SDK\ODBC\170\Tools\Binn\;C:\Program Files\Microsoft SQL Server\160\DTS\Binn\;C:\Program Files (x86)\Microsoft SQL Server\160\DTS\Binn\;C:\ProgramData\chocolatey\bin;C:\Program Files\Docker\Docker\resources\bin;C:\Program Files\nodejs\;C:\Program Files\Git\cmd;C:\Program Files\MySQL\MySQL Shell 8.0\bin\;C:\Users\dkswl\AppData\Local\Programs\Python\Python39\Scripts\;C:\Users\dkswl\AppData\Local\Programs\Python\Python39\;C:\Users\dkswl\AppData\Local\Microsoft\WindowsApps;C:\Users\dkswl\AppData\Local\Programs\Microsoft VS Code\bin;C:\Users\dkswl\.dotnet\tools;C:\Program Files\Azure Data Studio\bin;C:\Users\dkswl\AppData\Local\GitHubDesktop\bin;C:\Users\dkswl\AppData\Roaming\npm;C:\Program Files\JetBrains\IntelliJ IDEA Community Edition 2024.1\bin;;.]
21-May-2024 08:48:45.585 INFO [main] org.apache.coyote.AbstractProtocol.init 프로토콜 핸들러 ["http-nio-8083"]을(를) 초기화합니다.
21-May-2024 08:48:45.595 INFO [main] org.apache.catalina.startup.Catalina.load [367] 밀리초 내에 서버가 초기화되었습니다.
21-May-2024 08:48:45.630 INFO [main] org.apache.catalina.core.StandardService.startInternal 서비스 [Catalina]을(를) 시작합니다.
21-May-2024 08:48:45.630 INFO [main] org.apache.catalina.core.StandardEngine.startInternal 서버 엔진을 시작합니다: [Apache Tomcat/9.0.86]
21-May-2024 08:48:45.638 INFO [main] org.apache.catalina.startup.HostConfig.deployDescriptor 배치 descriptor [C:\Users\dkswl\OneDrive\Documents\code_upload\Auto_window\multi_it\backend\04_servletjsp\itj\jsp03\conf\Catalina\localhost\jsp03.xml]을(를) 배치합니다.
21-May-2024 08:48:46.897 INFO [main] org.apache.jasper.servlet.TldScanner.scanJars 적어도 하나의 JAR가 TLD들을 찾기 위해 스캔되었으나 아무 것도 찾지 못했습니다. 스캔했으나 TLD가 없는 JAR들의 전체 목록을 보시려면, 로그 레벨을 디버그 레벨로 설정하십시오. 스캔 과정에서 불필요한 JAR들을 건너뛰면, 시스템 시작 시간과 JSP 컴파일 시간을 단축시킬 수 있습니다.
21-May-2024 08:48:46.946 INFO [main] org.apache.catalina.startup.HostConfig.deployDescriptor 배치 descriptor [C:\Users\dkswl\OneDrive\Documents\code_upload\Auto_window\multi_it\backend\04_servletjsp\itj\jsp03\conf\Catalina\localhost\jsp03.xml]의 배치가 [1,306] 밀리초 내에 완료되었습니다.
21-May-2024 08:48:46.949 INFO [main] org.apache.coyote.AbstractProtocol.start 프로토콜 핸들러 ["http-nio-8083"]을(를) 시작합니다.
21-May-2024 08:48:46.965 INFO [main] org.apache.catalina.startup.Catalina.start 서버가 [1368] 밀리초 내에 시작되었습니다.
21-May-2024 09:02:37.503 INFO [Thread-1] org.apache.coyote.AbstractProtocol.pause 프로토콜 핸들러 ["http-nio-8083"]을(를) 일시 정지 중
21-May-2024 09:02:37.507 INFO [Thread-1] org.apache.catalina.core.StandardService.stopInternal 서비스 [Catalina]을(를) 중지시킵니다.
21-May-2024 09:02:37.519 INFO [Thread-1] org.apache.coyote.AbstractProtocol.stop 프로토콜 핸들러 ["http-nio-8083"]을(를) 중지시킵니다.
21-May-2024 09:02:37.537 INFO [Thread-1] org.apache.coyote.AbstractProtocol.destroy 프로토콜 핸들러 ["http-nio-8083"]을(를) 소멸시킵니다.
21-May-2024 09:10:28.112 INFO [main] org.apache.catalina.startup.VersionLoggerListener.log 서버 버전 이름:    Apache Tomcat/9.0.86
21-May-2024 09:10:28.115 INFO [main] org.apache.catalina.startup.VersionLoggerListener.log Server 빌드 시각:  Feb 14 2024 08:15:12 UTC
21-May-2024 09:10:28.115 INFO [main] org.apache.catalina.startup.VersionLoggerListener.log Server 버전 번호:  9.0.86.0
21-May-2024 09:10:28.115 INFO [main] org.apache.catalina.startup.VersionLoggerListener.log 운영체제 이름:     Windows 11
21-May-2024 09:10:28.115 INFO [main] org.apache.catalina.startup.VersionLoggerListener.log 운영체제 버전:     10.0
21-May-2024 09:10:28.115 INFO [main] org.apache.catalina.startup.VersionLoggerListener.log 아키텍처:          amd64
21-May-2024 09:10:28.115 INFO [main] org.apache.catalina.startup.VersionLoggerListener.log 자바 홈:           C:\Program Files\Java\jdk-21
21-May-2024 09:10:28.115 INFO [main] org.apache.catalina.startup.VersionLoggerListener.log JVM 버전:          21.0.2+13-LTS-58
21-May-2024 09:10:28.115 INFO [main] org.apache.catalina.startup.VersionLoggerListener.log JVM 벤더:          Oracle Corporation
21-May-2024 09:10:28.115 INFO [main] org.apache.catalina.startup.VersionLoggerListener.log CATALINA_BASE:     C:\Users\dkswl\OneDrive\Documents\code_upload\Auto_window\multi_it\backend\04_servletjsp\itj\jsp03
21-May-2024 09:10:28.115 INFO [main] org.apache.catalina.startup.VersionLoggerListener.log CATALINA_HOME:     C:\apache-tomcat-9.0.86
21-May-2024 09:10:28.121 INFO [main] org.apache.catalina.startup.VersionLoggerListener.log 명령 행 아규먼트:  --add-opens=java.base/java.lang=ALL-UNNAMED
21-May-2024 09:10:28.121 INFO [main] org.apache.catalina.startup.VersionLoggerListener.log 명령 행 아규먼트:  --add-opens=java.base/java.io=ALL-UNNAMED
21-May-2024 09:10:28.121 INFO [main] org.apache.catalina.startup.VersionLoggerListener.log 명령 행 아규먼트:  --add-opens=java.base/java.util=ALL-UNNAMED
21-May-2024 09:10:28.121 INFO [main] org.apache.catalina.startup.VersionLoggerListener.log 명령 행 아규먼트:  --add-opens=java.base/java.util.concurrent=ALL-UNNAMED
21-May-2024 09:10:28.121 INFO [main] org.apache.catalina.startup.VersionLoggerListener.log 명령 행 아규먼트:  --add-opens=java.rmi/sun.rmi.transport=ALL-UNNAMED
21-May-2024 09:10:28.121 INFO [main] org.apache.catalina.startup.VersionLoggerListener.log 명령 행 아규먼트:  -Dcatalina.home=C:\apache-tomcat-9.0.86
21-May-2024 09:10:28.121 INFO [main] org.apache.catalina.startup.VersionLoggerListener.log 명령 행 아규먼트:  -Dcatalina.base=C:\Users\dkswl\OneDrive\Documents\code_upload\Auto_window\multi_it\backend\04_servletjsp\itj\jsp03
21-May-2024 09:10:28.121 INFO [main] org.apache.catalina.startup.VersionLoggerListener.log 명령 행 아규먼트:  -Djava.io.tmpdir=C:\Users\dkswl\OneDrive\Documents\code_upload\Auto_window\multi_it\backend\04_servletjsp\itj\jsp03\temp
21-May-2024 09:10:28.121 INFO [main] org.apache.catalina.startup.VersionLoggerListener.log 명령 행 아규먼트:  -Djava.util.logging.config.file=C:\Users\dkswl\OneDrive\Documents\code_upload\Auto_window\multi_it\backend\04_servletjsp\itj\jsp03\conf\logging.properties
21-May-2024 09:10:28.121 INFO [main] org.apache.catalina.startup.VersionLoggerListener.log 명령 행 아규먼트:  -Djava.util.logging.manager=org.apache.juli.ClassLoaderLogManager
21-May-2024 09:10:28.121 INFO [main] org.apache.catalina.startup.VersionLoggerListener.log 명령 행 아규먼트:  -javaagent:C:\Program Files\JetBrains\IntelliJ IDEA Community Edition 2024.1\lib\idea_rt.jar=51203:C:\Program Files\JetBrains\IntelliJ IDEA Community Edition 2024.1\bin
21-May-2024 09:10:28.121 INFO [main] org.apache.catalina.startup.VersionLoggerListener.log 명령 행 아규먼트:  -Dfile.encoding=UTF-8
21-May-2024 09:10:28.121 INFO [main] org.apache.catalina.startup.VersionLoggerListener.log 명령 행 아규먼트:  -Dsun.stdout.encoding=UTF-8
21-May-2024 09:10:28.122 INFO [main] org.apache.catalina.startup.VersionLoggerListener.log 명령 행 아규먼트:  -Dsun.stderr.encoding=UTF-8
21-May-2024 09:10:28.142 INFO [main] org.apache.catalina.core.AprLifecycleListener.lifecycleEvent 프로덕션 환경들에서 최적의 성능을 제공하는, APR 기반 Apache Tomcat Native 라이브러리가, 다음 java.library.path에서 발견되지 않습니다: [C:\Program Files\Java\jdk-21\bin;C:\Windows\Sun\Java\bin;C:\Windows\system32;C:\Windows;C:\oraclexe\app\oracle\product\11.2.0\server\bin;;C:\oracle\app\oracle\product\19.0.0.0\db_1\bin;C:\Python312\Scripts\;C:\Python312\;C:\Program Files\Common Files\Oracle\Java\javapath;C:\Program Files\Common Files\Oracle\Java\javapath;C:\oracle\dbhomeXE\bin;C:\app\dkswl\product\21c\dbhomeXE\bin;C:\Program Files\Microsoft MPI\Bin\;C:\Windows\system32;C:\Windows;C:\Windows\System32\Wbem;C:\Windows\System32\WindowsPowerShell\v1.0\;C:\Windows\System32\OpenSSH\;C:\Program Files (x86)\NVIDIA Corporation\PhysX\Common;C:\Program Files\dotnet\;C:\Program Files\Azure Data Studio\bin;C:\Program Files (x86)\Microsoft SQL Server\160\Tools\Binn\;C:\Program Files\Microsoft SQL Server\160\Tools\Binn\;C:\Program Files\Microsoft SQL Server\Client SDK\ODBC\170\Tools\Binn\;C:\Program Files\Microsoft SQL Server\160\DTS\Binn\;C:\Program Files (x86)\Microsoft SQL Server\160\DTS\Binn\;C:\ProgramData\chocolatey\bin;C:\Program Files\Docker\Docker\resources\bin;C:\Program Files\nodejs\;C:\Program Files\Git\cmd;C:\Program Files\MySQL\MySQL Shell 8.0\bin\;C:\Users\dkswl\AppData\Local\Programs\Python\Python39\Scripts\;C:\Users\dkswl\AppData\Local\Programs\Python\Python39\;C:\Users\dkswl\AppData\Local\Microsoft\WindowsApps;C:\Users\dkswl\AppData\Local\Programs\Microsoft VS Code\bin;C:\Users\dkswl\.dotnet\tools;C:\Program Files\Azure Data Studio\bin;C:\Users\dkswl\AppData\Local\GitHubDesktop\bin;C:\Users\dkswl\AppData\Roaming\npm;C:\Program Files\JetBrains\IntelliJ IDEA Community Edition 2024.1\bin;;.]
21-May-2024 09:10:28.391 INFO [main] org.apache.coyote.AbstractProtocol.init 프로토콜 핸들러 ["http-nio-8083"]을(를) 초기화합니다.
21-May-2024 09:10:28.405 INFO [main] org.apache.catalina.startup.Catalina.load [451] 밀리초 내에 서버가 초기화되었습니다.
21-May-2024 09:10:28.445 INFO [main] org.apache.catalina.core.StandardService.startInternal 서비스 [Catalina]을(를) 시작합니다.
21-May-2024 09:10:28.445 INFO [main] org.apache.catalina.core.StandardEngine.startInternal 서버 엔진을 시작합니다: [Apache Tomcat/9.0.86]
21-May-2024 09:10:28.454 INFO [main] org.apache.catalina.startup.HostConfig.deployDescriptor 배치 descriptor [C:\Users\dkswl\OneDrive\Documents\code_upload\Auto_window\multi_it\backend\04_servletjsp\itj\jsp03\conf\Catalina\localhost\jsp03.xml]을(를) 배치합니다.
21-May-2024 09:10:29.782 INFO [main] org.apache.jasper.servlet.TldScanner.scanJars 적어도 하나의 JAR가 TLD들을 찾기 위해 스캔되었으나 아무 것도 찾지 못했습니다. 스캔했으나 TLD가 없는 JAR들의 전체 목록을 보시려면, 로그 레벨을 디버그 레벨로 설정하십시오. 스캔 과정에서 불필요한 JAR들을 건너뛰면, 시스템 시작 시간과 JSP 컴파일 시간을 단축시킬 수 있습니다.
21-May-2024 09:10:29.835 INFO [main] org.apache.catalina.startup.HostConfig.deployDescriptor 배치 descriptor [C:\Users\dkswl\OneDrive\Documents\code_upload\Auto_window\multi_it\backend\04_servletjsp\itj\jsp03\conf\Catalina\localhost\jsp03.xml]의 배치가 [1,379] 밀리초 내에 완료되었습니다.
21-May-2024 09:10:29.838 INFO [main] org.apache.coyote.AbstractProtocol.start 프로토콜 핸들러 ["http-nio-8083"]을(를) 시작합니다.
21-May-2024 09:10:29.856 INFO [main] org.apache.catalina.startup.Catalina.start 서버가 [1450] 밀리초 내에 시작되었습니다.
21-May-2024 09:45:24.652 INFO [Thread-1] org.apache.coyote.AbstractProtocol.pause 프로토콜 핸들러 ["http-nio-8083"]을(를) 일시 정지 중
21-May-2024 09:45:24.655 INFO [Thread-1] org.apache.catalina.core.StandardService.stopInternal 서비스 [Catalina]을(를) 중지시킵니다.
21-May-2024 09:45:24.666 INFO [Thread-1] org.apache.coyote.AbstractProtocol.stop 프로토콜 핸들러 ["http-nio-8083"]을(를) 중지시킵니다.
21-May-2024 09:45:24.679 INFO [Thread-1] org.apache.coyote.AbstractProtocol.destroy 프로토콜 핸들러 ["http-nio-8083"]을(를) 소멸시킵니다.
21-May-2024 09:45:26.462 INFO [main] org.apache.catalina.startup.VersionLoggerListener.log 서버 버전 이름:    Apache Tomcat/9.0.86
21-May-2024 09:45:26.464 INFO [main] org.apache.catalina.startup.VersionLoggerListener.log Server 빌드 시각:  Feb 14 2024 08:15:12 UTC
21-May-2024 09:45:26.464 INFO [main] org.apache.catalina.startup.VersionLoggerListener.log Server 버전 번호:  9.0.86.0
21-May-2024 09:45:26.464 INFO [main] org.apache.catalina.startup.VersionLoggerListener.log 운영체제 이름:     Windows 11
21-May-2024 09:45:26.464 INFO [main] org.apache.catalina.startup.VersionLoggerListener.log 운영체제 버전:     10.0
21-May-2024 09:45:26.464 INFO [main] org.apache.catalina.startup.VersionLoggerListener.log 아키텍처:          amd64
21-May-2024 09:45:26.464 INFO [main] org.apache.catalina.startup.VersionLoggerListener.log 자바 홈:           C:\Program Files\Java\jdk-21
21-May-2024 09:45:26.464 INFO [main] org.apache.catalina.startup.VersionLoggerListener.log JVM 버전:          21.0.2+13-LTS-58
21-May-2024 09:45:26.464 INFO [main] org.apache.catalina.startup.VersionLoggerListener.log JVM 벤더:          Oracle Corporation
21-May-2024 09:45:26.464 INFO [main] org.apache.catalina.startup.VersionLoggerListener.log CATALINA_BASE:     C:\Users\dkswl\OneDrive\Documents\code_upload\Auto_window\multi_it\backend\04_servletjsp\itj\jsp03
21-May-2024 09:45:26.464 INFO [main] org.apache.catalina.startup.VersionLoggerListener.log CATALINA_HOME:     C:\apache-tomcat-9.0.86
21-May-2024 09:45:26.470 INFO [main] org.apache.catalina.startup.VersionLoggerListener.log 명령 행 아규먼트:  --add-opens=java.base/java.lang=ALL-UNNAMED
21-May-2024 09:45:26.470 INFO [main] org.apache.catalina.startup.VersionLoggerListener.log 명령 행 아규먼트:  --add-opens=java.base/java.io=ALL-UNNAMED
21-May-2024 09:45:26.470 INFO [main] org.apache.catalina.startup.VersionLoggerListener.log 명령 행 아규먼트:  --add-opens=java.base/java.util=ALL-UNNAMED
21-May-2024 09:45:26.470 INFO [main] org.apache.catalina.startup.VersionLoggerListener.log 명령 행 아규먼트:  --add-opens=java.base/java.util.concurrent=ALL-UNNAMED
21-May-2024 09:45:26.470 INFO [main] org.apache.catalina.startup.VersionLoggerListener.log 명령 행 아규먼트:  --add-opens=java.rmi/sun.rmi.transport=ALL-UNNAMED
21-May-2024 09:45:26.470 INFO [main] org.apache.catalina.startup.VersionLoggerListener.log 명령 행 아규먼트:  -Dcatalina.home=C:\apache-tomcat-9.0.86
21-May-2024 09:45:26.470 INFO [main] org.apache.catalina.startup.VersionLoggerListener.log 명령 행 아규먼트:  -Dcatalina.base=C:\Users\dkswl\OneDrive\Documents\code_upload\Auto_window\multi_it\backend\04_servletjsp\itj\jsp03
21-May-2024 09:45:26.470 INFO [main] org.apache.catalina.startup.VersionLoggerListener.log 명령 행 아규먼트:  -Djava.io.tmpdir=C:\Users\dkswl\OneDrive\Documents\code_upload\Auto_window\multi_it\backend\04_servletjsp\itj\jsp03\temp
21-May-2024 09:45:26.470 INFO [main] org.apache.catalina.startup.VersionLoggerListener.log 명령 행 아규먼트:  -Djava.util.logging.config.file=C:\Users\dkswl\OneDrive\Documents\code_upload\Auto_window\multi_it\backend\04_servletjsp\itj\jsp03\conf\logging.properties
21-May-2024 09:45:26.470 INFO [main] org.apache.catalina.startup.VersionLoggerListener.log 명령 행 아규먼트:  -Djava.util.logging.manager=org.apache.juli.ClassLoaderLogManager
21-May-2024 09:45:26.470 INFO [main] org.apache.catalina.startup.VersionLoggerListener.log 명령 행 아규먼트:  -javaagent:C:\Program Files\JetBrains\IntelliJ IDEA Community Edition 2024.1\lib\idea_rt.jar=53000:C:\Program Files\JetBrains\IntelliJ IDEA Community Edition 2024.1\bin
21-May-2024 09:45:26.470 INFO [main] org.apache.catalina.startup.VersionLoggerListener.log 명령 행 아규먼트:  -Dfile.encoding=UTF-8
21-May-2024 09:45:26.471 INFO [main] org.apache.catalina.startup.VersionLoggerListener.log 명령 행 아규먼트:  -Dsun.stdout.encoding=UTF-8
21-May-2024 09:45:26.471 INFO [main] org.apache.catalina.startup.VersionLoggerListener.log 명령 행 아규먼트:  -Dsun.stderr.encoding=UTF-8
21-May-2024 09:45:26.491 INFO [main] org.apache.catalina.core.AprLifecycleListener.lifecycleEvent 프로덕션 환경들에서 최적의 성능을 제공하는, APR 기반 Apache Tomcat Native 라이브러리가, 다음 java.library.path에서 발견되지 않습니다: [C:\Program Files\Java\jdk-21\bin;C:\Windows\Sun\Java\bin;C:\Windows\system32;C:\Windows;C:\oraclexe\app\oracle\product\11.2.0\server\bin;;C:\oracle\app\oracle\product\19.0.0.0\db_1\bin;C:\Python312\Scripts\;C:\Python312\;C:\Program Files\Common Files\Oracle\Java\javapath;C:\Program Files\Common Files\Oracle\Java\javapath;C:\oracle\dbhomeXE\bin;C:\app\dkswl\product\21c\dbhomeXE\bin;C:\Program Files\Microsoft MPI\Bin\;C:\Windows\system32;C:\Windows;C:\Windows\System32\Wbem;C:\Windows\System32\WindowsPowerShell\v1.0\;C:\Windows\System32\OpenSSH\;C:\Program Files (x86)\NVIDIA Corporation\PhysX\Common;C:\Program Files\dotnet\;C:\Program Files\Azure Data Studio\bin;C:\Program Files (x86)\Microsoft SQL Server\160\Tools\Binn\;C:\Program Files\Microsoft SQL Server\160\Tools\Binn\;C:\Program Files\Microsoft SQL Server\Client SDK\ODBC\170\Tools\Binn\;C:\Program Files\Microsoft SQL Server\160\DTS\Binn\;C:\Program Files (x86)\Microsoft SQL Server\160\DTS\Binn\;C:\ProgramData\chocolatey\bin;C:\Program Files\Docker\Docker\resources\bin;C:\Program Files\nodejs\;C:\Program Files\Git\cmd;C:\Program Files\MySQL\MySQL Shell 8.0\bin\;C:\Users\dkswl\AppData\Local\Programs\Python\Python39\Scripts\;C:\Users\dkswl\AppData\Local\Programs\Python\Python39\;C:\Users\dkswl\AppData\Local\Microsoft\WindowsApps;C:\Users\dkswl\AppData\Local\Programs\Microsoft VS Code\bin;C:\Users\dkswl\.dotnet\tools;C:\Program Files\Azure Data Studio\bin;C:\Users\dkswl\AppData\Local\GitHubDesktop\bin;C:\Users\dkswl\AppData\Roaming\npm;C:\Program Files\JetBrains\IntelliJ IDEA Community Edition 2024.1\bin;;.]
21-May-2024 09:45:26.719 INFO [main] org.apache.coyote.AbstractProtocol.init 프로토콜 핸들러 ["http-nio-8083"]을(를) 초기화합니다.
21-May-2024 09:45:26.733 INFO [main] org.apache.catalina.startup.Catalina.load [408] 밀리초 내에 서버가 초기화되었습니다.
21-May-2024 09:45:26.770 INFO [main] org.apache.catalina.core.StandardService.startInternal 서비스 [Catalina]을(를) 시작합니다.
21-May-2024 09:45:26.770 INFO [main] org.apache.catalina.core.StandardEngine.startInternal 서버 엔진을 시작합니다: [Apache Tomcat/9.0.86]
21-May-2024 09:45:26.779 INFO [main] org.apache.catalina.startup.HostConfig.deployDescriptor 배치 descriptor [C:\Users\dkswl\OneDrive\Documents\code_upload\Auto_window\multi_it\backend\04_servletjsp\itj\jsp03\conf\Catalina\localhost\jsp03.xml]을(를) 배치합니다.
21-May-2024 09:45:28.064 INFO [main] org.apache.jasper.servlet.TldScanner.scanJars 적어도 하나의 JAR가 TLD들을 찾기 위해 스캔되었으나 아무 것도 찾지 못했습니다. 스캔했으나 TLD가 없는 JAR들의 전체 목록을 보시려면, 로그 레벨을 디버그 레벨로 설정하십시오. 스캔 과정에서 불필요한 JAR들을 건너뛰면, 시스템 시작 시간과 JSP 컴파일 시간을 단축시킬 수 있습니다.
21-May-2024 09:45:28.114 INFO [main] org.apache.catalina.startup.HostConfig.deployDescriptor 배치 descriptor [C:\Users\dkswl\OneDrive\Documents\code_upload\Auto_window\multi_it\backend\04_servletjsp\itj\jsp03\conf\Catalina\localhost\jsp03.xml]의 배치가 [1,333] 밀리초 내에 완료되었습니다.
21-May-2024 09:45:28.117 INFO [main] org.apache.coyote.AbstractProtocol.start 프로토콜 핸들러 ["http-nio-8083"]을(를) 시작합니다.
21-May-2024 09:45:28.134 INFO [main] org.apache.catalina.startup.Catalina.start 서버가 [1401] 밀리초 내에 시작되었습니다.
21-May-2024 09:50:33.471 INFO [Thread-1] org.apache.coyote.AbstractProtocol.pause 프로토콜 핸들러 ["http-nio-8083"]을(를) 일시 정지 중
21-May-2024 09:50:33.474 INFO [Thread-1] org.apache.catalina.core.StandardService.stopInternal 서비스 [Catalina]을(를) 중지시킵니다.
21-May-2024 09:50:33.486 INFO [Thread-1] org.apache.coyote.AbstractProtocol.stop 프로토콜 핸들러 ["http-nio-8083"]을(를) 중지시킵니다.
21-May-2024 09:50:33.497 INFO [Thread-1] org.apache.coyote.AbstractProtocol.destroy 프로토콜 핸들러 ["http-nio-8083"]을(를) 소멸시킵니다.
21-May-2024 09:50:35.068 INFO [main] org.apache.catalina.startup.VersionLoggerListener.log 서버 버전 이름:    Apache Tomcat/9.0.86
21-May-2024 09:50:35.072 INFO [main] org.apache.catalina.startup.VersionLoggerListener.log Server 빌드 시각:  Feb 14 2024 08:15:12 UTC
21-May-2024 09:50:35.072 INFO [main] org.apache.catalina.startup.VersionLoggerListener.log Server 버전 번호:  9.0.86.0
21-May-2024 09:50:35.072 INFO [main] org.apache.catalina.startup.VersionLoggerListener.log 운영체제 이름:     Windows 11
21-May-2024 09:50:35.072 INFO [main] org.apache.catalina.startup.VersionLoggerListener.log 운영체제 버전:     10.0
21-May-2024 09:50:35.072 INFO [main] org.apache.catalina.startup.VersionLoggerListener.log 아키텍처:          amd64
21-May-2024 09:50:35.072 INFO [main] org.apache.catalina.startup.VersionLoggerListener.log 자바 홈:           C:\Program Files\Java\jdk-21
21-May-2024 09:50:35.072 INFO [main] org.apache.catalina.startup.VersionLoggerListener.log JVM 버전:          21.0.2+13-LTS-58
21-May-2024 09:50:35.072 INFO [main] org.apache.catalina.startup.VersionLoggerListener.log JVM 벤더:          Oracle Corporation
21-May-2024 09:50:35.072 INFO [main] org.apache.catalina.startup.VersionLoggerListener.log CATALINA_BASE:     C:\Users\dkswl\OneDrive\Documents\code_upload\Auto_window\multi_it\backend\04_servletjsp\itj\jsp03
21-May-2024 09:50:35.072 INFO [main] org.apache.catalina.startup.VersionLoggerListener.log CATALINA_HOME:     C:\apache-tomcat-9.0.86
21-May-2024 09:50:35.077 INFO [main] org.apache.catalina.startup.VersionLoggerListener.log 명령 행 아규먼트:  --add-opens=java.base/java.lang=ALL-UNNAMED
21-May-2024 09:50:35.078 INFO [main] org.apache.catalina.startup.VersionLoggerListener.log 명령 행 아규먼트:  --add-opens=java.base/java.io=ALL-UNNAMED
21-May-2024 09:50:35.078 INFO [main] org.apache.catalina.startup.VersionLoggerListener.log 명령 행 아규먼트:  --add-opens=java.base/java.util=ALL-UNNAMED
21-May-2024 09:50:35.078 INFO [main] org.apache.catalina.startup.VersionLoggerListener.log 명령 행 아규먼트:  --add-opens=java.base/java.util.concurrent=ALL-UNNAMED
21-May-2024 09:50:35.078 INFO [main] org.apache.catalina.startup.VersionLoggerListener.log 명령 행 아규먼트:  --add-opens=java.rmi/sun.rmi.transport=ALL-UNNAMED
21-May-2024 09:50:35.078 INFO [main] org.apache.catalina.startup.VersionLoggerListener.log 명령 행 아규먼트:  -Dcatalina.home=C:\apache-tomcat-9.0.86
21-May-2024 09:50:35.078 INFO [main] org.apache.catalina.startup.VersionLoggerListener.log 명령 행 아규먼트:  -Dcatalina.base=C:\Users\dkswl\OneDrive\Documents\code_upload\Auto_window\multi_it\backend\04_servletjsp\itj\jsp03
21-May-2024 09:50:35.078 INFO [main] org.apache.catalina.startup.VersionLoggerListener.log 명령 행 아규먼트:  -Djava.io.tmpdir=C:\Users\dkswl\OneDrive\Documents\code_upload\Auto_window\multi_it\backend\04_servletjsp\itj\jsp03\temp
21-May-2024 09:50:35.078 INFO [main] org.apache.catalina.startup.VersionLoggerListener.log 명령 행 아규먼트:  -Djava.util.logging.config.file=C:\Users\dkswl\OneDrive\Documents\code_upload\Auto_window\multi_it\backend\04_servletjsp\itj\jsp03\conf\logging.properties
21-May-2024 09:50:35.078 INFO [main] org.apache.catalina.startup.VersionLoggerListener.log 명령 행 아규먼트:  -Djava.util.logging.manager=org.apache.juli.ClassLoaderLogManager
21-May-2024 09:50:35.078 INFO [main] org.apache.catalina.startup.VersionLoggerListener.log 명령 행 아규먼트:  -javaagent:C:\Program Files\JetBrains\IntelliJ IDEA Community Edition 2024.1\lib\idea_rt.jar=53243:C:\Program Files\JetBrains\IntelliJ IDEA Community Edition 2024.1\bin
21-May-2024 09:50:35.078 INFO [main] org.apache.catalina.startup.VersionLoggerListener.log 명령 행 아규먼트:  -Dfile.encoding=UTF-8
21-May-2024 09:50:35.078 INFO [main] org.apache.catalina.startup.VersionLoggerListener.log 명령 행 아규먼트:  -Dsun.stdout.encoding=UTF-8
21-May-2024 09:50:35.078 INFO [main] org.apache.catalina.startup.VersionLoggerListener.log 명령 행 아규먼트:  -Dsun.stderr.encoding=UTF-8
21-May-2024 09:50:35.097 INFO [main] org.apache.catalina.core.AprLifecycleListener.lifecycleEvent 프로덕션 환경들에서 최적의 성능을 제공하는, APR 기반 Apache Tomcat Native 라이브러리가, 다음 java.library.path에서 발견되지 않습니다: [C:\Program Files\Java\jdk-21\bin;C:\Windows\Sun\Java\bin;C:\Windows\system32;C:\Windows;C:\oraclexe\app\oracle\product\11.2.0\server\bin;;C:\oracle\app\oracle\product\19.0.0.0\db_1\bin;C:\Python312\Scripts\;C:\Python312\;C:\Program Files\Common Files\Oracle\Java\javapath;C:\Program Files\Common Files\Oracle\Java\javapath;C:\oracle\dbhomeXE\bin;C:\app\dkswl\product\21c\dbhomeXE\bin;C:\Program Files\Microsoft MPI\Bin\;C:\Windows\system32;C:\Windows;C:\Windows\System32\Wbem;C:\Windows\System32\WindowsPowerShell\v1.0\;C:\Windows\System32\OpenSSH\;C:\Program Files (x86)\NVIDIA Corporation\PhysX\Common;C:\Program Files\dotnet\;C:\Program Files\Azure Data Studio\bin;C:\Program Files (x86)\Microsoft SQL Server\160\Tools\Binn\;C:\Program Files\Microsoft SQL Server\160\Tools\Binn\;C:\Program Files\Microsoft SQL Server\Client SDK\ODBC\170\Tools\Binn\;C:\Program Files\Microsoft SQL Server\160\DTS\Binn\;C:\Program Files (x86)\Microsoft SQL Server\160\DTS\Binn\;C:\ProgramData\chocolatey\bin;C:\Program Files\Docker\Docker\resources\bin;C:\Program Files\nodejs\;C:\Program Files\Git\cmd;C:\Program Files\MySQL\MySQL Shell 8.0\bin\;C:\Users\dkswl\AppData\Local\Programs\Python\Python39\Scripts\;C:\Users\dkswl\AppData\Local\Programs\Python\Python39\;C:\Users\dkswl\AppData\Local\Microsoft\WindowsApps;C:\Users\dkswl\AppData\Local\Programs\Microsoft VS Code\bin;C:\Users\dkswl\.dotnet\tools;C:\Program Files\Azure Data Studio\bin;C:\Users\dkswl\AppData\Local\GitHubDesktop\bin;C:\Users\dkswl\AppData\Roaming\npm;C:\Program Files\JetBrains\IntelliJ IDEA Community Edition 2024.1\bin;;.]
21-May-2024 09:50:35.326 INFO [main] org.apache.coyote.AbstractProtocol.init 프로토콜 핸들러 ["http-nio-8083"]을(를) 초기화합니다.
21-May-2024 09:50:35.340 INFO [main] org.apache.catalina.startup.Catalina.load [398] 밀리초 내에 서버가 초기화되었습니다.
21-May-2024 09:50:35.378 INFO [main] org.apache.catalina.core.StandardService.startInternal 서비스 [Catalina]을(를) 시작합니다.
21-May-2024 09:50:35.380 INFO [main] org.apache.catalina.core.StandardEngine.startInternal 서버 엔진을 시작합니다: [Apache Tomcat/9.0.86]
21-May-2024 09:50:35.390 INFO [main] org.apache.catalina.startup.HostConfig.deployDescriptor 배치 descriptor [C:\Users\dkswl\OneDrive\Documents\code_upload\Auto_window\multi_it\backend\04_servletjsp\itj\jsp03\conf\Catalina\localhost\jsp03.xml]을(를) 배치합니다.
21-May-2024 09:50:36.694 INFO [main] org.apache.jasper.servlet.TldScanner.scanJars 적어도 하나의 JAR가 TLD들을 찾기 위해 스캔되었으나 아무 것도 찾지 못했습니다. 스캔했으나 TLD가 없는 JAR들의 전체 목록을 보시려면, 로그 레벨을 디버그 레벨로 설정하십시오. 스캔 과정에서 불필요한 JAR들을 건너뛰면, 시스템 시작 시간과 JSP 컴파일 시간을 단축시킬 수 있습니다.
21-May-2024 09:50:36.745 INFO [main] org.apache.catalina.startup.HostConfig.deployDescriptor 배치 descriptor [C:\Users\dkswl\OneDrive\Documents\code_upload\Auto_window\multi_it\backend\04_servletjsp\itj\jsp03\conf\Catalina\localhost\jsp03.xml]의 배치가 [1,352] 밀리초 내에 완료되었습니다.
21-May-2024 09:50:36.748 INFO [main] org.apache.coyote.AbstractProtocol.start 프로토콜 핸들러 ["http-nio-8083"]을(를) 시작합니다.
21-May-2024 09:50:36.765 INFO [main] org.apache.catalina.startup.Catalina.start 서버가 [1423] 밀리초 내에 시작되었습니다.
21-May-2024 09:51:44.583 INFO [Thread-1] org.apache.coyote.AbstractProtocol.pause 프로토콜 핸들러 ["http-nio-8083"]을(를) 일시 정지 중
21-May-2024 09:51:44.584 INFO [Thread-1] org.apache.catalina.core.StandardService.stopInternal 서비스 [Catalina]을(를) 중지시킵니다.
21-May-2024 09:51:44.594 INFO [Thread-1] org.apache.coyote.AbstractProtocol.stop 프로토콜 핸들러 ["http-nio-8083"]을(를) 중지시킵니다.
21-May-2024 09:51:44.596 INFO [Thread-1] org.apache.coyote.AbstractProtocol.destroy 프로토콜 핸들러 ["http-nio-8083"]을(를) 소멸시킵니다.
21-May-2024 09:51:46.696 INFO [main] org.apache.catalina.startup.VersionLoggerListener.log 서버 버전 이름:    Apache Tomcat/9.0.86
21-May-2024 09:51:46.699 INFO [main] org.apache.catalina.startup.VersionLoggerListener.log Server 빌드 시각:  Feb 14 2024 08:15:12 UTC
21-May-2024 09:51:46.699 INFO [main] org.apache.catalina.startup.VersionLoggerListener.log Server 버전 번호:  9.0.86.0
21-May-2024 09:51:46.699 INFO [main] org.apache.catalina.startup.VersionLoggerListener.log 운영체제 이름:     Windows 11
21-May-2024 09:51:46.699 INFO [main] org.apache.catalina.startup.VersionLoggerListener.log 운영체제 버전:     10.0
21-May-2024 09:51:46.699 INFO [main] org.apache.catalina.startup.VersionLoggerListener.log 아키텍처:          amd64
21-May-2024 09:51:46.699 INFO [main] org.apache.catalina.startup.VersionLoggerListener.log 자바 홈:           C:\Program Files\Java\jdk-21
21-May-2024 09:51:46.699 INFO [main] org.apache.catalina.startup.VersionLoggerListener.log JVM 버전:          21.0.2+13-LTS-58
21-May-2024 09:51:46.699 INFO [main] org.apache.catalina.startup.VersionLoggerListener.log JVM 벤더:          Oracle Corporation
21-May-2024 09:51:46.700 INFO [main] org.apache.catalina.startup.VersionLoggerListener.log CATALINA_BASE:     C:\Users\dkswl\OneDrive\Documents\code_upload\Auto_window\multi_it\backend\04_servletjsp\itj\jsp03
21-May-2024 09:51:46.700 INFO [main] org.apache.catalina.startup.VersionLoggerListener.log CATALINA_HOME:     C:\apache-tomcat-9.0.86
21-May-2024 09:51:46.706 INFO [main] org.apache.catalina.startup.VersionLoggerListener.log 명령 행 아규먼트:  --add-opens=java.base/java.lang=ALL-UNNAMED
21-May-2024 09:51:46.706 INFO [main] org.apache.catalina.startup.VersionLoggerListener.log 명령 행 아규먼트:  --add-opens=java.base/java.io=ALL-UNNAMED
21-May-2024 09:51:46.706 INFO [main] org.apache.catalina.startup.VersionLoggerListener.log 명령 행 아규먼트:  --add-opens=java.base/java.util=ALL-UNNAMED
21-May-2024 09:51:46.706 INFO [main] org.apache.catalina.startup.VersionLoggerListener.log 명령 행 아규먼트:  --add-opens=java.base/java.util.concurrent=ALL-UNNAMED
21-May-2024 09:51:46.706 INFO [main] org.apache.catalina.startup.VersionLoggerListener.log 명령 행 아규먼트:  --add-opens=java.rmi/sun.rmi.transport=ALL-UNNAMED
21-May-2024 09:51:46.706 INFO [main] org.apache.catalina.startup.VersionLoggerListener.log 명령 행 아규먼트:  -Dcatalina.home=C:\apache-tomcat-9.0.86
21-May-2024 09:51:46.706 INFO [main] org.apache.catalina.startup.VersionLoggerListener.log 명령 행 아규먼트:  -Dcatalina.base=C:\Users\dkswl\OneDrive\Documents\code_upload\Auto_window\multi_it\backend\04_servletjsp\itj\jsp03
21-May-2024 09:51:46.706 INFO [main] org.apache.catalina.startup.VersionLoggerListener.log 명령 행 아규먼트:  -Djava.io.tmpdir=C:\Users\dkswl\OneDrive\Documents\code_upload\Auto_window\multi_it\backend\04_servletjsp\itj\jsp03\temp
21-May-2024 09:51:46.706 INFO [main] org.apache.catalina.startup.VersionLoggerListener.log 명령 행 아규먼트:  -Djava.util.logging.config.file=C:\Users\dkswl\OneDrive\Documents\code_upload\Auto_window\multi_it\backend\04_servletjsp\itj\jsp03\conf\logging.properties
21-May-2024 09:51:46.706 INFO [main] org.apache.catalina.startup.VersionLoggerListener.log 명령 행 아규먼트:  -Djava.util.logging.manager=org.apache.juli.ClassLoaderLogManager
21-May-2024 09:51:46.706 INFO [main] org.apache.catalina.startup.VersionLoggerListener.log 명령 행 아규먼트:  -javaagent:C:\Program Files\JetBrains\IntelliJ IDEA Community Edition 2024.1\lib\idea_rt.jar=53312:C:\Program Files\JetBrains\IntelliJ IDEA Community Edition 2024.1\bin
21-May-2024 09:51:46.706 INFO [main] org.apache.catalina.startup.VersionLoggerListener.log 명령 행 아규먼트:  -Dfile.encoding=UTF-8
21-May-2024 09:51:46.707 INFO [main] org.apache.catalina.startup.VersionLoggerListener.log 명령 행 아규먼트:  -Dsun.stdout.encoding=UTF-8
21-May-2024 09:51:46.707 INFO [main] org.apache.catalina.startup.VersionLoggerListener.log 명령 행 아규먼트:  -Dsun.stderr.encoding=UTF-8
21-May-2024 09:51:46.726 INFO [main] org.apache.catalina.core.AprLifecycleListener.lifecycleEvent 프로덕션 환경들에서 최적의 성능을 제공하는, APR 기반 Apache Tomcat Native 라이브러리가, 다음 java.library.path에서 발견되지 않습니다: [C:\Program Files\Java\jdk-21\bin;C:\Windows\Sun\Java\bin;C:\Windows\system32;C:\Windows;C:\oraclexe\app\oracle\product\11.2.0\server\bin;;C:\oracle\app\oracle\product\19.0.0.0\db_1\bin;C:\Python312\Scripts\;C:\Python312\;C:\Program Files\Common Files\Oracle\Java\javapath;C:\Program Files\Common Files\Oracle\Java\javapath;C:\oracle\dbhomeXE\bin;C:\app\dkswl\product\21c\dbhomeXE\bin;C:\Program Files\Microsoft MPI\Bin\;C:\Windows\system32;C:\Windows;C:\Windows\System32\Wbem;C:\Windows\System32\WindowsPowerShell\v1.0\;C:\Windows\System32\OpenSSH\;C:\Program Files (x86)\NVIDIA Corporation\PhysX\Common;C:\Program Files\dotnet\;C:\Program Files\Azure Data Studio\bin;C:\Program Files (x86)\Microsoft SQL Server\160\Tools\Binn\;C:\Program Files\Microsoft SQL Server\160\Tools\Binn\;C:\Program Files\Microsoft SQL Server\Client SDK\ODBC\170\Tools\Binn\;C:\Program Files\Microsoft SQL Server\160\DTS\Binn\;C:\Program Files (x86)\Microsoft SQL Server\160\DTS\Binn\;C:\ProgramData\chocolatey\bin;C:\Program Files\Docker\Docker\resources\bin;C:\Program Files\nodejs\;C:\Program Files\Git\cmd;C:\Program Files\MySQL\MySQL Shell 8.0\bin\;C:\Users\dkswl\AppData\Local\Programs\Python\Python39\Scripts\;C:\Users\dkswl\AppData\Local\Programs\Python\Python39\;C:\Users\dkswl\AppData\Local\Microsoft\WindowsApps;C:\Users\dkswl\AppData\Local\Programs\Microsoft VS Code\bin;C:\Users\dkswl\.dotnet\tools;C:\Program Files\Azure Data Studio\bin;C:\Users\dkswl\AppData\Local\GitHubDesktop\bin;C:\Users\dkswl\AppData\Roaming\npm;C:\Program Files\JetBrains\IntelliJ IDEA Community Edition 2024.1\bin;;.]
21-May-2024 09:51:46.948 INFO [main] org.apache.coyote.AbstractProtocol.init 프로토콜 핸들러 ["http-nio-8083"]을(를) 초기화합니다.
21-May-2024 09:51:46.962 INFO [main] org.apache.catalina.startup.Catalina.load [404] 밀리초 내에 서버가 초기화되었습니다.
21-May-2024 09:51:46.996 INFO [main] org.apache.catalina.core.StandardService.startInternal 서비스 [Catalina]을(를) 시작합니다.
21-May-2024 09:51:46.996 INFO [main] org.apache.catalina.core.StandardEngine.startInternal 서버 엔진을 시작합니다: [Apache Tomcat/9.0.86]
21-May-2024 09:51:47.005 INFO [main] org.apache.catalina.startup.HostConfig.deployDescriptor 배치 descriptor [C:\Users\dkswl\OneDrive\Documents\code_upload\Auto_window\multi_it\backend\04_servletjsp\itj\jsp03\conf\Catalina\localhost\jsp03.xml]을(를) 배치합니다.
21-May-2024 09:51:48.279 INFO [main] org.apache.jasper.servlet.TldScanner.scanJars 적어도 하나의 JAR가 TLD들을 찾기 위해 스캔되었으나 아무 것도 찾지 못했습니다. 스캔했으나 TLD가 없는 JAR들의 전체 목록을 보시려면, 로그 레벨을 디버그 레벨로 설정하십시오. 스캔 과정에서 불필요한 JAR들을 건너뛰면, 시스템 시작 시간과 JSP 컴파일 시간을 단축시킬 수 있습니다.
21-May-2024 09:51:48.328 INFO [main] org.apache.catalina.startup.HostConfig.deployDescriptor 배치 descriptor [C:\Users\dkswl\OneDrive\Documents\code_upload\Auto_window\multi_it\backend\04_servletjsp\itj\jsp03\conf\Catalina\localhost\jsp03.xml]의 배치가 [1,322] 밀리초 내에 완료되었습니다.
21-May-2024 09:51:48.332 INFO [main] org.apache.coyote.AbstractProtocol.start 프로토콜 핸들러 ["http-nio-8083"]을(를) 시작합니다.
21-May-2024 09:51:48.349 INFO [main] org.apache.catalina.startup.Catalina.start 서버가 [1386] 밀리초 내에 시작되었습니다.
21-May-2024 09:54:43.490 INFO [Thread-1] org.apache.coyote.AbstractProtocol.pause 프로토콜 핸들러 ["http-nio-8083"]을(를) 일시 정지 중
21-May-2024 09:54:43.493 INFO [Thread-1] org.apache.catalina.core.StandardService.stopInternal 서비스 [Catalina]을(를) 중지시킵니다.
21-May-2024 09:54:43.504 INFO [Thread-1] org.apache.coyote.AbstractProtocol.stop 프로토콜 핸들러 ["http-nio-8083"]을(를) 중지시킵니다.
21-May-2024 09:54:43.524 INFO [Thread-1] org.apache.coyote.AbstractProtocol.destroy 프로토콜 핸들러 ["http-nio-8083"]을(를) 소멸시킵니다.
21-May-2024 09:54:45.326 INFO [main] org.apache.catalina.startup.VersionLoggerListener.log 서버 버전 이름:    Apache Tomcat/9.0.86
21-May-2024 09:54:45.329 INFO [main] org.apache.catalina.startup.VersionLoggerListener.log Server 빌드 시각:  Feb 14 2024 08:15:12 UTC
21-May-2024 09:54:45.329 INFO [main] org.apache.catalina.startup.VersionLoggerListener.log Server 버전 번호:  9.0.86.0
21-May-2024 09:54:45.329 INFO [main] org.apache.catalina.startup.VersionLoggerListener.log 운영체제 이름:     Windows 11
21-May-2024 09:54:45.329 INFO [main] org.apache.catalina.startup.VersionLoggerListener.log 운영체제 버전:     10.0
21-May-2024 09:54:45.329 INFO [main] org.apache.catalina.startup.VersionLoggerListener.log 아키텍처:          amd64
21-May-2024 09:54:45.329 INFO [main] org.apache.catalina.startup.VersionLoggerListener.log 자바 홈:           C:\Program Files\Java\jdk-21
21-May-2024 09:54:45.329 INFO [main] org.apache.catalina.startup.VersionLoggerListener.log JVM 버전:          21.0.2+13-LTS-58
21-May-2024 09:54:45.329 INFO [main] org.apache.catalina.startup.VersionLoggerListener.log JVM 벤더:          Oracle Corporation
21-May-2024 09:54:45.329 INFO [main] org.apache.catalina.startup.VersionLoggerListener.log CATALINA_BASE:     C:\Users\dkswl\OneDrive\Documents\code_upload\Auto_window\multi_it\backend\04_servletjsp\itj\jsp03
21-May-2024 09:54:45.329 INFO [main] org.apache.catalina.startup.VersionLoggerListener.log CATALINA_HOME:     C:\apache-tomcat-9.0.86
21-May-2024 09:54:45.334 INFO [main] org.apache.catalina.startup.VersionLoggerListener.log 명령 행 아규먼트:  --add-opens=java.base/java.lang=ALL-UNNAMED
21-May-2024 09:54:45.334 INFO [main] org.apache.catalina.startup.VersionLoggerListener.log 명령 행 아규먼트:  --add-opens=java.base/java.io=ALL-UNNAMED
21-May-2024 09:54:45.334 INFO [main] org.apache.catalina.startup.VersionLoggerListener.log 명령 행 아규먼트:  --add-opens=java.base/java.util=ALL-UNNAMED
21-May-2024 09:54:45.334 INFO [main] org.apache.catalina.startup.VersionLoggerListener.log 명령 행 아규먼트:  --add-opens=java.base/java.util.concurrent=ALL-UNNAMED
21-May-2024 09:54:45.334 INFO [main] org.apache.catalina.startup.VersionLoggerListener.log 명령 행 아규먼트:  --add-opens=java.rmi/sun.rmi.transport=ALL-UNNAMED
21-May-2024 09:54:45.334 INFO [main] org.apache.catalina.startup.VersionLoggerListener.log 명령 행 아규먼트:  -Dcatalina.home=C:\apache-tomcat-9.0.86
21-May-2024 09:54:45.334 INFO [main] org.apache.catalina.startup.VersionLoggerListener.log 명령 행 아규먼트:  -Dcatalina.base=C:\Users\dkswl\OneDrive\Documents\code_upload\Auto_window\multi_it\backend\04_servletjsp\itj\jsp03
21-May-2024 09:54:45.334 INFO [main] org.apache.catalina.startup.VersionLoggerListener.log 명령 행 아규먼트:  -Djava.io.tmpdir=C:\Users\dkswl\OneDrive\Documents\code_upload\Auto_window\multi_it\backend\04_servletjsp\itj\jsp03\temp
21-May-2024 09:54:45.334 INFO [main] org.apache.catalina.startup.VersionLoggerListener.log 명령 행 아규먼트:  -Djava.util.logging.config.file=C:\Users\dkswl\OneDrive\Documents\code_upload\Auto_window\multi_it\backend\04_servletjsp\itj\jsp03\conf\logging.properties
21-May-2024 09:54:45.334 INFO [main] org.apache.catalina.startup.VersionLoggerListener.log 명령 행 아규먼트:  -Djava.util.logging.manager=org.apache.juli.ClassLoaderLogManager
21-May-2024 09:54:45.334 INFO [main] org.apache.catalina.startup.VersionLoggerListener.log 명령 행 아규먼트:  -javaagent:C:\Program Files\JetBrains\IntelliJ IDEA Community Edition 2024.1\lib\idea_rt.jar=53420:C:\Program Files\JetBrains\IntelliJ IDEA Community Edition 2024.1\bin
21-May-2024 09:54:45.334 INFO [main] org.apache.catalina.startup.VersionLoggerListener.log 명령 행 아규먼트:  -Dfile.encoding=UTF-8
21-May-2024 09:54:45.334 INFO [main] org.apache.catalina.startup.VersionLoggerListener.log 명령 행 아규먼트:  -Dsun.stdout.encoding=UTF-8
21-May-2024 09:54:45.334 INFO [main] org.apache.catalina.startup.VersionLoggerListener.log 명령 행 아규먼트:  -Dsun.stderr.encoding=UTF-8
21-May-2024 09:54:45.354 INFO [main] org.apache.catalina.core.AprLifecycleListener.lifecycleEvent 프로덕션 환경들에서 최적의 성능을 제공하는, APR 기반 Apache Tomcat Native 라이브러리가, 다음 java.library.path에서 발견되지 않습니다: [C:\Program Files\Java\jdk-21\bin;C:\Windows\Sun\Java\bin;C:\Windows\system32;C:\Windows;C:\oraclexe\app\oracle\product\11.2.0\server\bin;;C:\oracle\app\oracle\product\19.0.0.0\db_1\bin;C:\Python312\Scripts\;C:\Python312\;C:\Program Files\Common Files\Oracle\Java\javapath;C:\Program Files\Common Files\Oracle\Java\javapath;C:\oracle\dbhomeXE\bin;C:\app\dkswl\product\21c\dbhomeXE\bin;C:\Program Files\Microsoft MPI\Bin\;C:\Windows\system32;C:\Windows;C:\Windows\System32\Wbem;C:\Windows\System32\WindowsPowerShell\v1.0\;C:\Windows\System32\OpenSSH\;C:\Program Files (x86)\NVIDIA Corporation\PhysX\Common;C:\Program Files\dotnet\;C:\Program Files\Azure Data Studio\bin;C:\Program Files (x86)\Microsoft SQL Server\160\Tools\Binn\;C:\Program Files\Microsoft SQL Server\160\Tools\Binn\;C:\Program Files\Microsoft SQL Server\Client SDK\ODBC\170\Tools\Binn\;C:\Program Files\Microsoft SQL Server\160\DTS\Binn\;C:\Program Files (x86)\Microsoft SQL Server\160\DTS\Binn\;C:\ProgramData\chocolatey\bin;C:\Program Files\Docker\Docker\resources\bin;C:\Program Files\nodejs\;C:\Program Files\Git\cmd;C:\Program Files\MySQL\MySQL Shell 8.0\bin\;C:\Users\dkswl\AppData\Local\Programs\Python\Python39\Scripts\;C:\Users\dkswl\AppData\Local\Programs\Python\Python39\;C:\Users\dkswl\AppData\Local\Microsoft\WindowsApps;C:\Users\dkswl\AppData\Local\Programs\Microsoft VS Code\bin;C:\Users\dkswl\.dotnet\tools;C:\Program Files\Azure Data Studio\bin;C:\Users\dkswl\AppData\Local\GitHubDesktop\bin;C:\Users\dkswl\AppData\Roaming\npm;C:\Program Files\JetBrains\IntelliJ IDEA Community Edition 2024.1\bin;;.]
21-May-2024 09:54:45.566 INFO [main] org.apache.coyote.AbstractProtocol.init 프로토콜 핸들러 ["http-nio-8083"]을(를) 초기화합니다.
21-May-2024 09:54:45.579 INFO [main] org.apache.catalina.startup.Catalina.load [392] 밀리초 내에 서버가 초기화되었습니다.
21-May-2024 09:54:45.616 INFO [main] org.apache.catalina.core.StandardService.startInternal 서비스 [Catalina]을(를) 시작합니다.
21-May-2024 09:54:45.616 INFO [main] org.apache.catalina.core.StandardEngine.startInternal 서버 엔진을 시작합니다: [Apache Tomcat/9.0.86]
21-May-2024 09:54:45.625 INFO [main] org.apache.catalina.startup.HostConfig.deployDescriptor 배치 descriptor [C:\Users\dkswl\OneDrive\Documents\code_upload\Auto_window\multi_it\backend\04_servletjsp\itj\jsp03\conf\Catalina\localhost\jsp03.xml]을(를) 배치합니다.
21-May-2024 09:54:46.925 INFO [main] org.apache.jasper.servlet.TldScanner.scanJars 적어도 하나의 JAR가 TLD들을 찾기 위해 스캔되었으나 아무 것도 찾지 못했습니다. 스캔했으나 TLD가 없는 JAR들의 전체 목록을 보시려면, 로그 레벨을 디버그 레벨로 설정하십시오. 스캔 과정에서 불필요한 JAR들을 건너뛰면, 시스템 시작 시간과 JSP 컴파일 시간을 단축시킬 수 있습니다.
21-May-2024 09:54:46.974 INFO [main] org.apache.catalina.startup.HostConfig.deployDescriptor 배치 descriptor [C:\Users\dkswl\OneDrive\Documents\code_upload\Auto_window\multi_it\backend\04_servletjsp\itj\jsp03\conf\Catalina\localhost\jsp03.xml]의 배치가 [1,347] 밀리초 내에 완료되었습니다.
21-May-2024 09:54:46.978 INFO [main] org.apache.coyote.AbstractProtocol.start 프로토콜 핸들러 ["http-nio-8083"]을(를) 시작합니다.
21-May-2024 09:54:46.995 INFO [main] org.apache.catalina.startup.Catalina.start 서버가 [1414] 밀리초 내에 시작되었습니다.
21-May-2024 09:59:59.794 INFO [Thread-1] org.apache.coyote.AbstractProtocol.pause 프로토콜 핸들러 ["http-nio-8083"]을(를) 일시 정지 중
21-May-2024 09:59:59.797 INFO [Thread-1] org.apache.catalina.core.StandardService.stopInternal 서비스 [Catalina]을(를) 중지시킵니다.
21-May-2024 09:59:59.808 INFO [Thread-1] org.apache.coyote.AbstractProtocol.stop 프로토콜 핸들러 ["http-nio-8083"]을(를) 중지시킵니다.
21-May-2024 09:59:59.829 INFO [Thread-1] org.apache.coyote.AbstractProtocol.destroy 프로토콜 핸들러 ["http-nio-8083"]을(를) 소멸시킵니다.
21-May-2024 10:00:39.549 INFO [main] org.apache.catalina.startup.VersionLoggerListener.log 서버 버전 이름:    Apache Tomcat/9.0.86
21-May-2024 10:00:39.551 INFO [main] org.apache.catalina.startup.VersionLoggerListener.log Server 빌드 시각:  Feb 14 2024 08:15:12 UTC
21-May-2024 10:00:39.551 INFO [main] org.apache.catalina.startup.VersionLoggerListener.log Server 버전 번호:  9.0.86.0
21-May-2024 10:00:39.551 INFO [main] org.apache.catalina.startup.VersionLoggerListener.log 운영체제 이름:     Windows 11
21-May-2024 10:00:39.552 INFO [main] org.apache.catalina.startup.VersionLoggerListener.log 운영체제 버전:     10.0
21-May-2024 10:00:39.552 INFO [main] org.apache.catalina.startup.VersionLoggerListener.log 아키텍처:          amd64
21-May-2024 10:00:39.552 INFO [main] org.apache.catalina.startup.VersionLoggerListener.log 자바 홈:           C:\Program Files\Java\jdk-21
21-May-2024 10:00:39.552 INFO [main] org.apache.catalina.startup.VersionLoggerListener.log JVM 버전:          21.0.2+13-LTS-58
21-May-2024 10:00:39.552 INFO [main] org.apache.catalina.startup.VersionLoggerListener.log JVM 벤더:          Oracle Corporation
21-May-2024 10:00:39.552 INFO [main] org.apache.catalina.startup.VersionLoggerListener.log CATALINA_BASE:     C:\Users\dkswl\OneDrive\Documents\code_upload\Auto_window\multi_it\backend\04_servletjsp\itj\jsp03
21-May-2024 10:00:39.552 INFO [main] org.apache.catalina.startup.VersionLoggerListener.log CATALINA_HOME:     C:\apache-tomcat-9.0.86
21-May-2024 10:00:39.557 INFO [main] org.apache.catalina.startup.VersionLoggerListener.log 명령 행 아규먼트:  --add-opens=java.base/java.lang=ALL-UNNAMED
21-May-2024 10:00:39.557 INFO [main] org.apache.catalina.startup.VersionLoggerListener.log 명령 행 아규먼트:  --add-opens=java.base/java.io=ALL-UNNAMED
21-May-2024 10:00:39.558 INFO [main] org.apache.catalina.startup.VersionLoggerListener.log 명령 행 아규먼트:  --add-opens=java.base/java.util=ALL-UNNAMED
21-May-2024 10:00:39.558 INFO [main] org.apache.catalina.startup.VersionLoggerListener.log 명령 행 아규먼트:  --add-opens=java.base/java.util.concurrent=ALL-UNNAMED
21-May-2024 10:00:39.558 INFO [main] org.apache.catalina.startup.VersionLoggerListener.log 명령 행 아규먼트:  --add-opens=java.rmi/sun.rmi.transport=ALL-UNNAMED
21-May-2024 10:00:39.558 INFO [main] org.apache.catalina.startup.VersionLoggerListener.log 명령 행 아규먼트:  -Dcatalina.home=C:\apache-tomcat-9.0.86
21-May-2024 10:00:39.558 INFO [main] org.apache.catalina.startup.VersionLoggerListener.log 명령 행 아규먼트:  -Dcatalina.base=C:\Users\dkswl\OneDrive\Documents\code_upload\Auto_window\multi_it\backend\04_servletjsp\itj\jsp03
21-May-2024 10:00:39.558 INFO [main] org.apache.catalina.startup.VersionLoggerListener.log 명령 행 아규먼트:  -Djava.io.tmpdir=C:\Users\dkswl\OneDrive\Documents\code_upload\Auto_window\multi_it\backend\04_servletjsp\itj\jsp03\temp
21-May-2024 10:00:39.558 INFO [main] org.apache.catalina.startup.VersionLoggerListener.log 명령 행 아규먼트:  -Djava.util.logging.config.file=C:\Users\dkswl\OneDrive\Documents\code_upload\Auto_window\multi_it\backend\04_servletjsp\itj\jsp03\conf\logging.properties
21-May-2024 10:00:39.558 INFO [main] org.apache.catalina.startup.VersionLoggerListener.log 명령 행 아규먼트:  -Djava.util.logging.manager=org.apache.juli.ClassLoaderLogManager
21-May-2024 10:00:39.558 INFO [main] org.apache.catalina.startup.VersionLoggerListener.log 명령 행 아규먼트:  -javaagent:C:\Program Files\JetBrains\IntelliJ IDEA Community Edition 2024.1\lib\idea_rt.jar=53604:C:\Program Files\JetBrains\IntelliJ IDEA Community Edition 2024.1\bin
21-May-2024 10:00:39.558 INFO [main] org.apache.catalina.startup.VersionLoggerListener.log 명령 행 아규먼트:  -Dfile.encoding=UTF-8
21-May-2024 10:00:39.558 INFO [main] org.apache.catalina.startup.VersionLoggerListener.log 명령 행 아규먼트:  -Dsun.stdout.encoding=UTF-8
21-May-2024 10:00:39.558 INFO [main] org.apache.catalina.startup.VersionLoggerListener.log 명령 행 아규먼트:  -Dsun.stderr.encoding=UTF-8
21-May-2024 10:00:39.580 INFO [main] org.apache.catalina.core.AprLifecycleListener.lifecycleEvent 프로덕션 환경들에서 최적의 성능을 제공하는, APR 기반 Apache Tomcat Native 라이브러리가, 다음 java.library.path에서 발견되지 않습니다: [C:\Program Files\Java\jdk-21\bin;C:\Windows\Sun\Java\bin;C:\Windows\system32;C:\Windows;C:\oraclexe\app\oracle\product\11.2.0\server\bin;;C:\oracle\app\oracle\product\19.0.0.0\db_1\bin;C:\Python312\Scripts\;C:\Python312\;C:\Program Files\Common Files\Oracle\Java\javapath;C:\Program Files\Common Files\Oracle\Java\javapath;C:\oracle\dbhomeXE\bin;C:\app\dkswl\product\21c\dbhomeXE\bin;C:\Program Files\Microsoft MPI\Bin\;C:\Windows\system32;C:\Windows;C:\Windows\System32\Wbem;C:\Windows\System32\WindowsPowerShell\v1.0\;C:\Windows\System32\OpenSSH\;C:\Program Files (x86)\NVIDIA Corporation\PhysX\Common;C:\Program Files\dotnet\;C:\Program Files\Azure Data Studio\bin;C:\Program Files (x86)\Microsoft SQL Server\160\Tools\Binn\;C:\Program Files\Microsoft SQL Server\160\Tools\Binn\;C:\Program Files\Microsoft SQL Server\Client SDK\ODBC\170\Tools\Binn\;C:\Program Files\Microsoft SQL Server\160\DTS\Binn\;C:\Program Files (x86)\Microsoft SQL Server\160\DTS\Binn\;C:\ProgramData\chocolatey\bin;C:\Program Files\Docker\Docker\resources\bin;C:\Program Files\nodejs\;C:\Program Files\Git\cmd;C:\Program Files\MySQL\MySQL Shell 8.0\bin\;C:\Users\dkswl\AppData\Local\Programs\Python\Python39\Scripts\;C:\Users\dkswl\AppData\Local\Programs\Python\Python39\;C:\Users\dkswl\AppData\Local\Microsoft\WindowsApps;C:\Users\dkswl\AppData\Local\Programs\Microsoft VS Code\bin;C:\Users\dkswl\.dotnet\tools;C:\Program Files\Azure Data Studio\bin;C:\Users\dkswl\AppData\Local\GitHubDesktop\bin;C:\Users\dkswl\AppData\Roaming\npm;C:\Program Files\JetBrains\IntelliJ IDEA Community Edition 2024.1\bin;;.]
21-May-2024 10:00:39.799 INFO [main] org.apache.coyote.AbstractProtocol.init 프로토콜 핸들러 ["http-nio-8083"]을(를) 초기화합니다.
21-May-2024 10:00:39.813 INFO [main] org.apache.catalina.startup.Catalina.load [408] 밀리초 내에 서버가 초기화되었습니다.
21-May-2024 10:00:39.851 INFO [main] org.apache.catalina.core.StandardService.startInternal 서비스 [Catalina]을(를) 시작합니다.
21-May-2024 10:00:39.851 INFO [main] org.apache.catalina.core.StandardEngine.startInternal 서버 엔진을 시작합니다: [Apache Tomcat/9.0.86]
21-May-2024 10:00:39.862 INFO [main] org.apache.catalina.startup.HostConfig.deployDescriptor 배치 descriptor [C:\Users\dkswl\OneDrive\Documents\code_upload\Auto_window\multi_it\backend\04_servletjsp\itj\jsp03\conf\Catalina\localhost\jsp03.xml]을(를) 배치합니다.
21-May-2024 10:00:41.184 INFO [main] org.apache.jasper.servlet.TldScanner.scanJars 적어도 하나의 JAR가 TLD들을 찾기 위해 스캔되었으나 아무 것도 찾지 못했습니다. 스캔했으나 TLD가 없는 JAR들의 전체 목록을 보시려면, 로그 레벨을 디버그 레벨로 설정하십시오. 스캔 과정에서 불필요한 JAR들을 건너뛰면, 시스템 시작 시간과 JSP 컴파일 시간을 단축시킬 수 있습니다.
21-May-2024 10:00:41.236 INFO [main] org.apache.catalina.startup.HostConfig.deployDescriptor 배치 descriptor [C:\Users\dkswl\OneDrive\Documents\code_upload\Auto_window\multi_it\backend\04_servletjsp\itj\jsp03\conf\Catalina\localhost\jsp03.xml]의 배치가 [1,372] 밀리초 내에 완료되었습니다.
21-May-2024 10:00:41.239 INFO [main] org.apache.coyote.AbstractProtocol.start 프로토콜 핸들러 ["http-nio-8083"]을(를) 시작합니다.
21-May-2024 10:00:41.257 INFO [main] org.apache.catalina.startup.Catalina.start 서버가 [1443] 밀리초 내에 시작되었습니다.
21-May-2024 10:01:53.086 INFO [Thread-1] org.apache.coyote.AbstractProtocol.pause 프로토콜 핸들러 ["http-nio-8083"]을(를) 일시 정지 중
21-May-2024 10:01:53.089 INFO [Thread-1] org.apache.catalina.core.StandardService.stopInternal 서비스 [Catalina]을(를) 중지시킵니다.
21-May-2024 10:01:53.098 INFO [Thread-1] org.apache.coyote.AbstractProtocol.stop 프로토콜 핸들러 ["http-nio-8083"]을(를) 중지시킵니다.
21-May-2024 10:01:53.102 INFO [Thread-1] org.apache.coyote.AbstractProtocol.destroy 프로토콜 핸들러 ["http-nio-8083"]을(를) 소멸시킵니다.
